Analysis & Synthesis report for Sandbox
Thu Dec 22 21:09:26 2022
Quartus Prime Version 22.1std.0 Build 915 10/25/2022 SC Lite Edition


---------------------
; Table of Contents ;
---------------------
  1. Legal Notice
  2. Analysis & Synthesis Summary
  3. Analysis & Synthesis Settings
  4. Parallel Compilation
  5. Analysis & Synthesis Source Files Read
  6. Analysis & Synthesis Resource Usage Summary
  7. Analysis & Synthesis Resource Utilization by Entity
  8. State Machine - |Entry|Entry_VendingMachine:mainEntity|VendingMachine:c_vendingMachine|currentState
  9. State Machine - |Entry|Entry_VendingMachine:mainEntity|VendingMachine:c_vendingMachine|nextState
 10. Registers Removed During Synthesis
 11. Removed Registers Triggering Further Register Optimizations
 12. General Register Statistics
 13. Multiplexer Restructuring Statistics (Restructuring Performed)
 14. Parameter Settings for User Entity Instance: Entry_VendingMachine:mainEntity|VendingMachine:c_vendingMachine
 15. Port Connectivity Checks: "Entry_VendingMachine:mainEntity|VendingMachine:c_vendingMachine"
 16. Post-Synthesis Netlist Statistics for Top Partition
 17. Elapsed Time Per Partition
 18. Analysis & Synthesis Messages



----------------
; Legal Notice ;
----------------
Copyright (C) 2022  Intel Corporation. All rights reserved.
Your use of Intel Corporation's design tools, logic functions 
and other software and tools, and any partner logic 
functions, and any output files from any of the foregoing 
(including device programming or simulation files), and any 
associated documentation or information are expressly subject 
to the terms and conditions of the Intel Program License 
Subscription Agreement, the Intel Quartus Prime License Agreement,
the Intel FPGA IP License Agreement, or other applicable license
agreement, including, without limitation, that your use is for
the sole purpose of programming logic devices manufactured by
Intel and sold by Intel or its authorized distributors.  Please
refer to the applicable agreement for further details, at
https://fpgasoftware.intel.com/eula.



+-------------------------------------------------------------------------------------+
; Analysis & Synthesis Summary                                                        ;
+------------------------------------+------------------------------------------------+
; Analysis & Synthesis Status        ; Successful - Thu Dec 22 21:09:26 2022          ;
; Quartus Prime Version              ; 22.1std.0 Build 915 10/25/2022 SC Lite Edition ;
; Revision Name                      ; Sandbox                                        ;
; Top-level Entity Name              ; Entry                                          ;
; Family                             ; Cyclone IV E                                   ;
; Total logic elements               ; 260                                            ;
;     Total combinational functions  ; 249                                            ;
;     Dedicated logic registers      ; 105                                            ;
; Total registers                    ; 105                                            ;
; Total pins                         ; 22                                             ;
; Total virtual pins                 ; 0                                              ;
; Total memory bits                  ; 0                                              ;
; Embedded Multiplier 9-bit elements ; 0                                              ;
; Total PLLs                         ; 0                                              ;
+------------------------------------+------------------------------------------------+


+------------------------------------------------------------------------------------------------------------+
; Analysis & Synthesis Settings                                                                              ;
+------------------------------------------------------------------+--------------------+--------------------+
; Option                                                           ; Setting            ; Default Value      ;
+------------------------------------------------------------------+--------------------+--------------------+
; Device                                                           ; EP4CE6E22C8        ;                    ;
; Top-level entity name                                            ; Entry              ; Sandbox            ;
; Family name                                                      ; Cyclone IV E       ; Cyclone V          ;
; VHDL Show LMF Mapping Messages                                   ; Off                ;                    ;
; VHDL Version                                                     ; VHDL_2008          ; VHDL_1993          ;
; Use smart compilation                                            ; Off                ; Off                ;
; Enable parallel Assembler and Timing Analyzer during compilation ; On                 ; On                 ;
; Enable compact report table                                      ; Off                ; Off                ;
; Restructure Multiplexers                                         ; Auto               ; Auto               ;
; Create Debugging Nodes for IP Cores                              ; Off                ; Off                ;
; Preserve fewer node names                                        ; On                 ; On                 ;
; Intel FPGA IP Evaluation Mode                                    ; Enable             ; Enable             ;
; Verilog Version                                                  ; Verilog_2001       ; Verilog_2001       ;
; State Machine Processing                                         ; Auto               ; Auto               ;
; Safe State Machine                                               ; Off                ; Off                ;
; Extract Verilog State Machines                                   ; On                 ; On                 ;
; Extract VHDL State Machines                                      ; On                 ; On                 ;
; Ignore Verilog initial constructs                                ; Off                ; Off                ;
; Iteration limit for constant Verilog loops                       ; 5000               ; 5000               ;
; Iteration limit for non-constant Verilog loops                   ; 250                ; 250                ;
; Add Pass-Through Logic to Inferred RAMs                          ; On                 ; On                 ;
; Infer RAMs from Raw Logic                                        ; On                 ; On                 ;
; Parallel Synthesis                                               ; On                 ; On                 ;
; DSP Block Balancing                                              ; Auto               ; Auto               ;
; NOT Gate Push-Back                                               ; On                 ; On                 ;
; Power-Up Don't Care                                              ; On                 ; On                 ;
; Remove Redundant Logic Cells                                     ; Off                ; Off                ;
; Remove Duplicate Registers                                       ; On                 ; On                 ;
; Ignore CARRY Buffers                                             ; Off                ; Off                ;
; Ignore CASCADE Buffers                                           ; Off                ; Off                ;
; Ignore GLOBAL Buffers                                            ; Off                ; Off                ;
; Ignore ROW GLOBAL Buffers                                        ; Off                ; Off                ;
; Ignore LCELL Buffers                                             ; Off                ; Off                ;
; Ignore SOFT Buffers                                              ; On                 ; On                 ;
; Limit AHDL Integers to 32 Bits                                   ; Off                ; Off                ;
; Optimization Technique                                           ; Balanced           ; Balanced           ;
; Carry Chain Length                                               ; 70                 ; 70                 ;
; Auto Carry Chains                                                ; On                 ; On                 ;
; Auto Open-Drain Pins                                             ; On                 ; On                 ;
; Perform WYSIWYG Primitive Resynthesis                            ; Off                ; Off                ;
; Auto ROM Replacement                                             ; On                 ; On                 ;
; Auto RAM Replacement                                             ; On                 ; On                 ;
; Auto DSP Block Replacement                                       ; On                 ; On                 ;
; Auto Shift Register Replacement                                  ; Auto               ; Auto               ;
; Allow Shift Register Merging across Hierarchies                  ; Auto               ; Auto               ;
; Auto Clock Enable Replacement                                    ; On                 ; On                 ;
; Strict RAM Replacement                                           ; Off                ; Off                ;
; Allow Synchronous Control Signals                                ; On                 ; On                 ;
; Force Use of Synchronous Clear Signals                           ; Off                ; Off                ;
; Auto RAM Block Balancing                                         ; On                 ; On                 ;
; Auto RAM to Logic Cell Conversion                                ; Off                ; Off                ;
; Auto Resource Sharing                                            ; Off                ; Off                ;
; Allow Any RAM Size For Recognition                               ; Off                ; Off                ;
; Allow Any ROM Size For Recognition                               ; Off                ; Off                ;
; Allow Any Shift Register Size For Recognition                    ; Off                ; Off                ;
; Use LogicLock Constraints during Resource Balancing              ; On                 ; On                 ;
; Ignore translate_off and synthesis_off directives                ; Off                ; Off                ;
; Timing-Driven Synthesis                                          ; On                 ; On                 ;
; Report Parameter Settings                                        ; On                 ; On                 ;
; Report Source Assignments                                        ; On                 ; On                 ;
; Report Connectivity Checks                                       ; On                 ; On                 ;
; Ignore Maximum Fan-Out Assignments                               ; Off                ; Off                ;
; Synchronization Register Chain Length                            ; 2                  ; 2                  ;
; Power Optimization During Synthesis                              ; Normal compilation ; Normal compilation ;
; HDL message level                                                ; Level2             ; Level2             ;
; Suppress Register Optimization Related Messages                  ; Off                ; Off                ;
; Number of Removed Registers Reported in Synthesis Report         ; 5000               ; 5000               ;
; Number of Swept Nodes Reported in Synthesis Report               ; 5000               ; 5000               ;
; Number of Inverted Registers Reported in Synthesis Report        ; 100                ; 100                ;
; Clock MUX Protection                                             ; On                 ; On                 ;
; Auto Gated Clock Conversion                                      ; Off                ; Off                ;
; Block Design Naming                                              ; Auto               ; Auto               ;
; SDC constraint protection                                        ; Off                ; Off                ;
; Synthesis Effort                                                 ; Auto               ; Auto               ;
; Shift Register Replacement - Allow Asynchronous Clear Signal     ; On                 ; On                 ;
; Pre-Mapping Resynthesis Optimization                             ; Off                ; Off                ;
; Analysis & Synthesis Message Level                               ; Medium             ; Medium             ;
; Disable Register Merging Across Hierarchies                      ; Auto               ; Auto               ;
; Resource Aware Inference For Block RAM                           ; On                 ; On                 ;
+------------------------------------------------------------------+--------------------+--------------------+


+------------------------------------------+
; Parallel Compilation                     ;
+----------------------------+-------------+
; Processors                 ; Number      ;
+----------------------------+-------------+
; Number detected on machine ; 32          ;
; Maximum allowed            ; 16          ;
;                            ;             ;
; Average used               ; 1.00        ;
; Maximum used               ; 16          ;
;                            ;             ;
; Usage by Processor         ; % Time Used ;
;     Processor 1            ; 100.0%      ;
;     Processors 2-16        ;   0.0%      ;
+----------------------------+-------------+


+----------------------------------------------------------------------------------------------------------------------------------------------------------------+
; Analysis & Synthesis Source Files Read                                                                                                                         ;
+---------------------------------------------+-----------------+-----------------+--------------------------------------------------------------------+---------+
; File Name with User-Entered Path            ; Used in Netlist ; File Type       ; File Name with Absolute Path                                       ; Library ;
+---------------------------------------------+-----------------+-----------------+--------------------------------------------------------------------+---------+
; src/VendingMachine/Entry_VendingMachine.vhd ; yes             ; User VHDL File  ; /home/qik/vhdl/Sandbox/src/VendingMachine/Entry_VendingMachine.vhd ;         ;
; src/Entry.vhd                               ; yes             ; User VHDL File  ; /home/qik/vhdl/Sandbox/src/Entry.vhd                               ;         ;
; src/Disp7Seg/Disp4x7Seg.vhd                 ; yes             ; User VHDL File  ; /home/qik/vhdl/Sandbox/src/Disp7Seg/Disp4x7Seg.vhd                 ;         ;
; src/Disp7Seg/Disp4x7Seg_Types.vhd           ; yes             ; User VHDL File  ; /home/qik/vhdl/Sandbox/src/Disp7Seg/Disp4x7Seg_Types.vhd           ;         ;
; src/VendingMachine/VendingMachine_Types.vhd ; yes             ; User VHDL File  ; /home/qik/vhdl/Sandbox/src/VendingMachine/VendingMachine_Types.vhd ;         ;
; src/Utils/SingleClkKey.vhd                  ; yes             ; User VHDL File  ; /home/qik/vhdl/Sandbox/src/Utils/SingleClkKey.vhd                  ;         ;
; src/VendingMachine/VendingMachine.vhd       ; yes             ; User VHDL File  ; /home/qik/vhdl/Sandbox/src/VendingMachine/VendingMachine.vhd       ;         ;
+---------------------------------------------+-----------------+-----------------+--------------------------------------------------------------------+---------+


+-----------------------------------------------------------------------------------------------+
; Analysis & Synthesis Resource Usage Summary                                                   ;
+---------------------------------------------+-------------------------------------------------+
; Resource                                    ; Usage                                           ;
+---------------------------------------------+-------------------------------------------------+
; Estimated Total logic elements              ; 260                                             ;
;                                             ;                                                 ;
; Total combinational functions               ; 249                                             ;
; Logic element usage by number of LUT inputs ;                                                 ;
;     -- 4 input functions                    ; 149                                             ;
;     -- 3 input functions                    ; 29                                              ;
;     -- <=2 input functions                  ; 71                                              ;
;                                             ;                                                 ;
; Logic elements by mode                      ;                                                 ;
;     -- normal mode                          ; 209                                             ;
;     -- arithmetic mode                      ; 40                                              ;
;                                             ;                                                 ;
; Total registers                             ; 105                                             ;
;     -- Dedicated logic registers            ; 105                                             ;
;     -- I/O registers                        ; 0                                               ;
;                                             ;                                                 ;
; I/O pins                                    ; 22                                              ;
;                                             ;                                                 ;
; Embedded Multiplier 9-bit elements          ; 0                                               ;
;                                             ;                                                 ;
; Maximum fan-out node                        ; Entry_VendingMachine:mainEntity|clk_divider[16] ;
; Maximum fan-out                             ; 75                                              ;
; Total fan-out                               ; 1136                                            ;
; Average fan-out                             ; 2.85                                            ;
+---------------------------------------------+-------------------------------------------------+


+-----------------------------------------------------------------------------------------------------------------------------------------------------------------------------------------------------------------------------------------------------------------------------------+
; Analysis & Synthesis Resource Utilization by Entity                                                                                                                                                                                                                               ;
+-----------------------------------------+---------------------+---------------------------+-------------+--------------+---------+-----------+------+--------------+------------------------------------------------------------------------+----------------------+--------------+
; Compilation Hierarchy Node              ; Combinational ALUTs ; Dedicated Logic Registers ; Memory Bits ; DSP Elements ; DSP 9x9 ; DSP 18x18 ; Pins ; Virtual Pins ; Full Hierarchy Name                                                    ; Entity Name          ; Library Name ;
+-----------------------------------------+---------------------+---------------------------+-------------+--------------+---------+-----------+------+--------------+------------------------------------------------------------------------+----------------------+--------------+
; |Entry                                  ; 249 (0)             ; 105 (0)                   ; 0           ; 0            ; 0       ; 0         ; 22   ; 0            ; |Entry                                                                 ; Entry                ; work         ;
;    |Entry_VendingMachine:mainEntity|    ; 249 (17)            ; 105 (17)                  ; 0           ; 0            ; 0       ; 0         ; 0    ; 0            ; |Entry|Entry_VendingMachine:mainEntity                                 ; Entry_VendingMachine ; work         ;
;       |Disp4x7Seg:c_disp4x7seg|         ; 21 (21)             ; 14 (14)                   ; 0           ; 0            ; 0       ; 0         ; 0    ; 0            ; |Entry|Entry_VendingMachine:mainEntity|Disp4x7Seg:c_disp4x7seg         ; Disp4x7Seg           ; work         ;
;       |SingleClkKey:c_k1|               ; 2 (2)               ; 2 (2)                     ; 0           ; 0            ; 0       ; 0         ; 0    ; 0            ; |Entry|Entry_VendingMachine:mainEntity|SingleClkKey:c_k1               ; SingleClkKey         ; work         ;
;       |SingleClkKey:c_k2|               ; 2 (2)               ; 2 (2)                     ; 0           ; 0            ; 0       ; 0         ; 0    ; 0            ; |Entry|Entry_VendingMachine:mainEntity|SingleClkKey:c_k2               ; SingleClkKey         ; work         ;
;       |SingleClkKey:c_k3|               ; 2 (2)               ; 2 (2)                     ; 0           ; 0            ; 0       ; 0         ; 0    ; 0            ; |Entry|Entry_VendingMachine:mainEntity|SingleClkKey:c_k3               ; SingleClkKey         ; work         ;
;       |SingleClkKey:c_k4|               ; 2 (2)               ; 2 (2)                     ; 0           ; 0            ; 0       ; 0         ; 0    ; 0            ; |Entry|Entry_VendingMachine:mainEntity|SingleClkKey:c_k4               ; SingleClkKey         ; work         ;
;       |VendingMachine:c_vendingMachine| ; 203 (203)           ; 66 (66)                   ; 0           ; 0            ; 0       ; 0         ; 0    ; 0            ; |Entry|Entry_VendingMachine:mainEntity|VendingMachine:c_vendingMachine ; VendingMachine       ; work         ;
+-----------------------------------------+---------------------+---------------------------+-------------+--------------+---------+-----------+------+--------------+------------------------------------------------------------------------+----------------------+--------------+
Note: For table entries with two numbers listed, the numbers in parentheses indicate the number of resources of the given type used by the specific entity alone. The numbers listed outside of parentheses indicate the total resources of the given type used by the specific entity and all of its sub-entities in the hierarchy.


Encoding Type:  One-Hot
+----------------------------------------------------------------------------------------------------------------------------------------------------------------------------------------------------------------------------------------------------------------------------------------------------------------------------------------------------------------------------------------------------------------------------------------------------------------------------------------------------------------------------------------------------------------------+
; State Machine - |Entry|Entry_VendingMachine:mainEntity|VendingMachine:c_vendingMachine|currentState                                                                                                                                                                                                                                                                                                                                                                                                                                                                  ;
+--------------------------------------------------------+------------------------------------------+-------------------------------------------+---------------------------------------------------+-----------------------------------------------------+-----------------------------------------------------+----------------------------------------------+----------------------------------------------+--------------------------------------------------------+--------------------------------------------------+--------------------------------------------+
; Name                                                   ; currentState.TVendingMachine_State_Error ; currentState.TVendingMachine_State_Cancel ; currentState.TVendingMachine_State_ReleaseProduct ; currentState.TVendingMachine_State_PayByCash_Cancel ; currentState.VendingMachine_State_PayByCash_Success ; currentState.TVendingMachine_State_PayByCash ; currentState.TVendingMachine_State_PayByCard ; currentState.TVendingMachine_State_SelectPaymentMethod ; currentState.TVendingMachine_State_SelectProduct ; currentState.TVendingMachine_State_Initial ;
+--------------------------------------------------------+------------------------------------------+-------------------------------------------+---------------------------------------------------+-----------------------------------------------------+-----------------------------------------------------+----------------------------------------------+----------------------------------------------+--------------------------------------------------------+--------------------------------------------------+--------------------------------------------+
; currentState.TVendingMachine_State_Initial             ; 0                                        ; 0                                         ; 0                                                 ; 0                                                   ; 0                                                   ; 0                                            ; 0                                            ; 0                                                      ; 0                                                ; 0                                          ;
; currentState.TVendingMachine_State_SelectProduct       ; 0                                        ; 0                                         ; 0                                                 ; 0                                                   ; 0                                                   ; 0                                            ; 0                                            ; 0                                                      ; 1                                                ; 1                                          ;
; currentState.TVendingMachine_State_SelectPaymentMethod ; 0                                        ; 0                                         ; 0                                                 ; 0                                                   ; 0                                                   ; 0                                            ; 0                                            ; 1                                                      ; 0                                                ; 1                                          ;
; currentState.TVendingMachine_State_PayByCard           ; 0                                        ; 0                                         ; 0                                                 ; 0                                                   ; 0                                                   ; 0                                            ; 1                                            ; 0                                                      ; 0                                                ; 1                                          ;
; currentState.TVendingMachine_State_PayByCash           ; 0                                        ; 0                                         ; 0                                                 ; 0                                                   ; 0                                                   ; 1                                            ; 0                                            ; 0                                                      ; 0                                                ; 1                                          ;
; currentState.VendingMachine_State_PayByCash_Success    ; 0                                        ; 0                                         ; 0                                                 ; 0                                                   ; 1                                                   ; 0                                            ; 0                                            ; 0                                                      ; 0                                                ; 1                                          ;
; currentState.TVendingMachine_State_PayByCash_Cancel    ; 0                                        ; 0                                         ; 0                                                 ; 1                                                   ; 0                                                   ; 0                                            ; 0                                            ; 0                                                      ; 0                                                ; 1                                          ;
; currentState.TVendingMachine_State_ReleaseProduct      ; 0                                        ; 0                                         ; 1                                                 ; 0                                                   ; 0                                                   ; 0                                            ; 0                                            ; 0                                                      ; 0                                                ; 1                                          ;
; currentState.TVendingMachine_State_Cancel              ; 0                                        ; 1                                         ; 0                                                 ; 0                                                   ; 0                                                   ; 0                                            ; 0                                            ; 0                                                      ; 0                                                ; 1                                          ;
; currentState.TVendingMachine_State_Error               ; 1                                        ; 0                                         ; 0                                                 ; 0                                                   ; 0                                                   ; 0                                            ; 0                                            ; 0                                                      ; 0                                                ; 1                                          ;
+--------------------------------------------------------+------------------------------------------+-------------------------------------------+---------------------------------------------------+-----------------------------------------------------+-----------------------------------------------------+----------------------------------------------+----------------------------------------------+--------------------------------------------------------+--------------------------------------------------+--------------------------------------------+


Encoding Type:  One-Hot
+-------------------------------------------------------------------------------------------------------------------------------------------------------------------------------------------------------------------------------------------------------------------------------------------------------------------------------------------------------------------------------------------------------------------------------------------------------------------------------------------------------------------------------------+
; State Machine - |Entry|Entry_VendingMachine:mainEntity|VendingMachine:c_vendingMachine|nextState                                                                                                                                                                                                                                                                                                                                                                                                                                    ;
+-----------------------------------------------------+---------------------------------------+----------------------------------------+------------------------------------------------+--------------------------------------------------+--------------------------------------------------+-------------------------------------------+-------------------------------------------+-----------------------------------------------------+-----------------------------------------------+-----------------------------------------+
; Name                                                ; nextState.TVendingMachine_State_Error ; nextState.TVendingMachine_State_Cancel ; nextState.TVendingMachine_State_ReleaseProduct ; nextState.TVendingMachine_State_PayByCash_Cancel ; nextState.VendingMachine_State_PayByCash_Success ; nextState.TVendingMachine_State_PayByCash ; nextState.TVendingMachine_State_PayByCard ; nextState.TVendingMachine_State_SelectPaymentMethod ; nextState.TVendingMachine_State_SelectProduct ; nextState.TVendingMachine_State_Initial ;
+-----------------------------------------------------+---------------------------------------+----------------------------------------+------------------------------------------------+--------------------------------------------------+--------------------------------------------------+-------------------------------------------+-------------------------------------------+-----------------------------------------------------+-----------------------------------------------+-----------------------------------------+
; nextState.TVendingMachine_State_Initial             ; 0                                     ; 0                                      ; 0                                              ; 0                                                ; 0                                                ; 0                                         ; 0                                         ; 0                                                   ; 0                                             ; 0                                       ;
; nextState.TVendingMachine_State_SelectProduct       ; 0                                     ; 0                                      ; 0                                              ; 0                                                ; 0                                                ; 0                                         ; 0                                         ; 0                                                   ; 1                                             ; 1                                       ;
; nextState.TVendingMachine_State_SelectPaymentMethod ; 0                                     ; 0                                      ; 0                                              ; 0                                                ; 0                                                ; 0                                         ; 0                                         ; 1                                                   ; 0                                             ; 1                                       ;
; nextState.TVendingMachine_State_PayByCard           ; 0                                     ; 0                                      ; 0                                              ; 0                                                ; 0                                                ; 0                                         ; 1                                         ; 0                                                   ; 0                                             ; 1                                       ;
; nextState.TVendingMachine_State_PayByCash           ; 0                                     ; 0                                      ; 0                                              ; 0                                                ; 0                                                ; 1                                         ; 0                                         ; 0                                                   ; 0                                             ; 1                                       ;
; nextState.VendingMachine_State_PayByCash_Success    ; 0                                     ; 0                                      ; 0                                              ; 0                                                ; 1                                                ; 0                                         ; 0                                         ; 0                                                   ; 0                                             ; 1                                       ;
; nextState.TVendingMachine_State_PayByCash_Cancel    ; 0                                     ; 0                                      ; 0                                              ; 1                                                ; 0                                                ; 0                                         ; 0                                         ; 0                                                   ; 0                                             ; 1                                       ;
; nextState.TVendingMachine_State_ReleaseProduct      ; 0                                     ; 0                                      ; 1                                              ; 0                                                ; 0                                                ; 0                                         ; 0                                         ; 0                                                   ; 0                                             ; 1                                       ;
; nextState.TVendingMachine_State_Cancel              ; 0                                     ; 1                                      ; 0                                              ; 0                                                ; 0                                                ; 0                                         ; 0                                         ; 0                                                   ; 0                                             ; 1                                       ;
; nextState.TVendingMachine_State_Error               ; 1                                     ; 0                                      ; 0                                              ; 0                                                ; 0                                                ; 0                                         ; 0                                         ; 0                                                   ; 0                                             ; 1                                       ;
+-----------------------------------------------------+---------------------------------------+----------------------------------------+------------------------------------------------+--------------------------------------------------+--------------------------------------------------+-------------------------------------------+-------------------------------------------+-----------------------------------------------------+-----------------------------------------------+-----------------------------------------+


+----------------------------------------------------------------------------------------------------------------------------------------------------------------------------------------------------------+
; Registers Removed During Synthesis                                                                                                                                                                       ;
+----------------------------------------------------------------------------------------------------------+-----------------------------------------------------------------------------------------------+
; Register name                                                                                            ; Reason for Removal                                                                            ;
+----------------------------------------------------------------------------------------------------------+-----------------------------------------------------------------------------------------------+
; Entry_VendingMachine:mainEntity|VendingMachine:c_vendingMachine|out_display[0][0]                        ; Stuck at GND due to stuck port data_in                                                        ;
; Entry_VendingMachine:mainEntity|VendingMachine:c_vendingMachine|out_display[2][0]                        ; Stuck at GND due to stuck port data_in                                                        ;
; Entry_VendingMachine:mainEntity|VendingMachine:c_vendingMachine|out_display[3][0]                        ; Merged with Entry_VendingMachine:mainEntity|VendingMachine:c_vendingMachine|out_display[1][0] ;
; Entry_VendingMachine:mainEntity|VendingMachine:c_vendingMachine|nextState.TVendingMachine_State_Error    ; Stuck at GND due to stuck port data_in                                                        ;
; Entry_VendingMachine:mainEntity|VendingMachine:c_vendingMachine|currentState.TVendingMachine_State_Error ; Stuck at GND due to stuck port data_in                                                        ;
; Entry_VendingMachine:mainEntity|clk_divider[17..25]                                                      ; Lost fanout                                                                                   ;
; Total Number of Removed Registers = 14                                                                   ;                                                                                               ;
+----------------------------------------------------------------------------------------------------------+-----------------------------------------------------------------------------------------------+


+----------------------------------------------------------------------------------------------------------------------------------------------------------------------------------------------------------------------------------------------+
; Removed Registers Triggering Further Register Optimizations                                                                                                                                                                                  ;
+-------------------------------------------------------------------------------------------------------+---------------------------+----------------------------------------------------------------------------------------------------------+
; Register name                                                                                         ; Reason for Removal        ; Registers Removed due to This Register                                                                   ;
+-------------------------------------------------------------------------------------------------------+---------------------------+----------------------------------------------------------------------------------------------------------+
; Entry_VendingMachine:mainEntity|VendingMachine:c_vendingMachine|nextState.TVendingMachine_State_Error ; Stuck at GND              ; Entry_VendingMachine:mainEntity|VendingMachine:c_vendingMachine|currentState.TVendingMachine_State_Error ;
;                                                                                                       ; due to stuck port data_in ;                                                                                                          ;
+-------------------------------------------------------------------------------------------------------+---------------------------+----------------------------------------------------------------------------------------------------------+


+------------------------------------------------------+
; General Register Statistics                          ;
+----------------------------------------------+-------+
; Statistic                                    ; Value ;
+----------------------------------------------+-------+
; Total registers                              ; 105   ;
; Number of registers using Synchronous Clear  ; 8     ;
; Number of registers using Synchronous Load   ; 5     ;
; Number of registers using Asynchronous Clear ; 0     ;
; Number of registers using Asynchronous Load  ; 0     ;
; Number of registers using Clock Enable       ; 60    ;
; Number of registers using Preset             ; 0     ;
+----------------------------------------------+-------+


+---------------------------------------------------------------------------------------------------------------------------------------------------------------------------------------------------------+
; Multiplexer Restructuring Statistics (Restructuring Performed)                                                                                                                                          ;
+--------------------+-----------+---------------+----------------------+------------------------+------------+-------------------------------------------------------------------------------------------+
; Multiplexer Inputs ; Bus Width ; Baseline Area ; Area if Restructured ; Saving if Restructured ; Registered ; Example Multiplexer Output                                                                ;
+--------------------+-----------+---------------+----------------------+------------------------+------------+-------------------------------------------------------------------------------------------+
; 4:1                ; 7 bits    ; 14 LEs        ; 14 LEs               ; 0 LEs                  ; Yes        ; |Entry|Entry_VendingMachine:mainEntity|Disp4x7Seg:c_disp4x7seg|out_7seg[3]                ;
; 4:1                ; 8 bits    ; 16 LEs        ; 8 LEs                ; 8 LEs                  ; Yes        ; |Entry|Entry_VendingMachine:mainEntity|VendingMachine:c_vendingMachine|nextState_delay[0] ;
; 16:1               ; 2 bits    ; 20 LEs        ; 4 LEs                ; 16 LEs                 ; No         ; |Entry|Entry_VendingMachine:mainEntity|VendingMachine:c_vendingMachine|Mux10              ;
; 16:1               ; 4 bits    ; 40 LEs        ; 8 LEs                ; 32 LEs                 ; No         ; |Entry|Entry_VendingMachine:mainEntity|VendingMachine:c_vendingMachine|Mux67              ;
; 26:1               ; 4 bits    ; 68 LEs        ; 16 LEs               ; 52 LEs                 ; No         ; |Entry|Entry_VendingMachine:mainEntity|VendingMachine:c_vendingMachine|nextState          ;
+--------------------+-----------+---------------+----------------------+------------------------+------------+-------------------------------------------------------------------------------------------+


+--------------------------------------------------------------------------------------------------------------+
; Parameter Settings for User Entity Instance: Entry_VendingMachine:mainEntity|VendingMachine:c_vendingMachine ;
+-------------------+----------------------------------------+-------------------------------------------------+
; Parameter Name    ; Value                                  ; Type                                            ;
+-------------------+----------------------------------------+-------------------------------------------------+
; switchstate_delay ; 8                                      ; Signed Integer                                  ;
; productprices     ; A(B"00100101",B"00001001",B"00110010") ; Array/Record                                    ;
+-------------------+----------------------------------------+-------------------------------------------------+
Note: In order to hide this table in the UI and the text report file, please set the "Show Parameter Settings in Synthesis Report" option in "Analysis and Synthesis Settings -> More Settings" to "Off".


+---------------------------------------------------------------------------------------------------------------------+
; Port Connectivity Checks: "Entry_VendingMachine:mainEntity|VendingMachine:c_vendingMachine"                         ;
+-----------+--------+----------+-------------------------------------------------------------------------------------+
; Port      ; Type   ; Severity ; Details                                                                             ;
+-----------+--------+----------+-------------------------------------------------------------------------------------+
; out_state ; Output ; Info     ; Connected to dangling logic. Logic that only feeds a dangling port will be removed. ;
+-----------+--------+----------+-------------------------------------------------------------------------------------+


+-----------------------------------------------------+
; Post-Synthesis Netlist Statistics for Top Partition ;
+-----------------------+-----------------------------+
; Type                  ; Count                       ;
+-----------------------+-----------------------------+
; boundary_port         ; 22                          ;
; cycloneiii_ff         ; 105                         ;
;     ENA               ; 47                          ;
;     ENA SCLR          ; 8                           ;
;     ENA SLD           ; 5                           ;
;     plain             ; 45                          ;
; cycloneiii_lcell_comb ; 262                         ;
;     arith             ; 40                          ;
;         2 data inputs ; 33                          ;
;         3 data inputs ; 7                           ;
;     normal            ; 222                         ;
;         0 data inputs ; 1                           ;
;         1 data inputs ; 23                          ;
;         2 data inputs ; 27                          ;
;         3 data inputs ; 22                          ;
;         4 data inputs ; 149                         ;
;                       ;                             ;
; Max LUT depth         ; 7.00                        ;
; Average LUT depth     ; 3.21                        ;
+-----------------------+-----------------------------+


+-------------------------------+
; Elapsed Time Per Partition    ;
+----------------+--------------+
; Partition Name ; Elapsed Time ;
+----------------+--------------+
; Top            ; 00:00:00     ;
+----------------+--------------+


+-------------------------------+
; Analysis & Synthesis Messages ;
+-------------------------------+
Info: *******************************************************************
Info: Running Quartus Prime Analysis & Synthesis
    Info: Version 22.1std.0 Build 915 10/25/2022 SC Lite Edition
    Info: Processing started: Thu Dec 22 21:09:21 2022
Info: Command: quartus_map --read_settings_files=on --write_settings_files=off Sandbox -c Sandbox
Warning (18236): Number of processors has not been specified which may cause overloading on shared machines.  Set the global assignment NUM_PARALLEL_PROCESSORS in your QSF to an appropriate value for best performance.
Info (20030): Parallel compilation is enabled and will use 16 of the 24 processors detected
Info (12021): Found 2 design units, including 1 entities, in source file src/VendingMachine/Entry_VendingMachine.vhd
    Info (12022): Found design unit 1: Entry_VendingMachine-behaviour File: /home/qik/vhdl/Sandbox/src/VendingMachine/Entry_VendingMachine.vhd Line: 23
    Info (12023): Found entity 1: Entry_VendingMachine File: /home/qik/vhdl/Sandbox/src/VendingMachine/Entry_VendingMachine.vhd Line: 9
Info (12021): Found 2 design units, including 1 entities, in source file src/Entry.vhd
    Info (12022): Found design unit 1: Entry-behaviour File: /home/qik/vhdl/Sandbox/src/Entry.vhd Line: 20
    Info (12023): Found entity 1: Entry File: /home/qik/vhdl/Sandbox/src/Entry.vhd Line: 6
Info (12021): Found 2 design units, including 1 entities, in source file src/EntryEntity/Sandbox.vhd
    Info (12022): Found design unit 1: Sandbox-behaviour File: /home/qik/vhdl/Sandbox/src/EntryEntity/Sandbox.vhd Line: 20
    Info (12023): Found entity 1: Sandbox File: /home/qik/vhdl/Sandbox/src/EntryEntity/Sandbox.vhd Line: 6
Info (12021): Found 2 design units, including 1 entities, in source file src/Disp7Seg/Disp4x7Seg.vhd
    Info (12022): Found design unit 1: Disp4x7Seg-behaviour File: /home/qik/vhdl/Sandbox/src/Disp7Seg/Disp4x7Seg.vhd Line: 19
    Info (12023): Found entity 1: Disp4x7Seg File: /home/qik/vhdl/Sandbox/src/Disp7Seg/Disp4x7Seg.vhd Line: 8
Info (12021): Found 2 design units, including 0 entities, in source file src/Disp7Seg/Disp4x7Seg_Types.vhd
    Info (12022): Found design unit 1: Disp4x7Seg_Types File: /home/qik/vhdl/Sandbox/src/Disp7Seg/Disp4x7Seg_Types.vhd Line: 6
    Info (12022): Found design unit 2: Disp4x7Seg_Types-body File: /home/qik/vhdl/Sandbox/src/Disp7Seg/Disp4x7Seg_Types.vhd Line: 49
Info (12021): Found 1 design units, including 0 entities, in source file src/VendingMachine/VendingMachine_Types.vhd
    Info (12022): Found design unit 1: VendingMachine_Types File: /home/qik/vhdl/Sandbox/src/VendingMachine/VendingMachine_Types.vhd Line: 6
Info (12021): Found 2 design units, including 1 entities, in source file src/Utils/SingleClkKey.vhd
    Info (12022): Found design unit 1: SingleClkKey-behaviour File: /home/qik/vhdl/Sandbox/src/Utils/SingleClkKey.vhd Line: 17
    Info (12023): Found entity 1: SingleClkKey File: /home/qik/vhdl/Sandbox/src/Utils/SingleClkKey.vhd Line: 8
Info (12021): Found 2 design units, including 1 entities, in source file src/VendingMachine/VendingMachine.vhd
    Info (12022): Found design unit 1: VendingMachine-behaviour File: /home/qik/vhdl/Sandbox/src/VendingMachine/VendingMachine.vhd Line: 24
    Info (12023): Found entity 1: VendingMachine File: /home/qik/vhdl/Sandbox/src/VendingMachine/VendingMachine.vhd Line: 9
Info (12127): Elaborating entity "Entry" for the top level hierarchy
Info (12128): Elaborating entity "Entry_VendingMachine" for hierarchy "Entry_VendingMachine:mainEntity" File: /home/qik/vhdl/Sandbox/src/Entry.vhd Line: 43
Warning (10540): VHDL Signal Declaration warning at Entry_VendingMachine.vhd(15): used explicit default value for signal "out_buzzer" because signal was never assigned a value File: /home/qik/vhdl/Sandbox/src/VendingMachine/Entry_VendingMachine.vhd Line: 15
Warning (10540): VHDL Signal Declaration warning at Entry_VendingMachine.vhd(16): used explicit default value for signal "out_leds" because signal was never assigned a value File: /home/qik/vhdl/Sandbox/src/VendingMachine/Entry_VendingMachine.vhd Line: 16
Warning (10036): Verilog HDL or VHDL warning at Entry_VendingMachine.vhd(63): object "state" assigned a value but never read File: /home/qik/vhdl/Sandbox/src/VendingMachine/Entry_VendingMachine.vhd Line: 63
Info (12128): Elaborating entity "VendingMachine" for hierarchy "Entry_VendingMachine:mainEntity|VendingMachine:c_vendingMachine" File: /home/qik/vhdl/Sandbox/src/VendingMachine/Entry_VendingMachine.vhd Line: 76
Info (12128): Elaborating entity "SingleClkKey" for hierarchy "Entry_VendingMachine:mainEntity|SingleClkKey:c_k1" File: /home/qik/vhdl/Sandbox/src/VendingMachine/Entry_VendingMachine.vhd Line: 87
Info (12128): Elaborating entity "Disp4x7Seg" for hierarchy "Entry_VendingMachine:mainEntity|Disp4x7Seg:c_disp4x7seg" File: /home/qik/vhdl/Sandbox/src/VendingMachine/Entry_VendingMachine.vhd Line: 112
Warning (13024): Output pins are stuck at VCC or GND
    Warning (13410): Pin "out_buzzer" is stuck at VCC File: /home/qik/vhdl/Sandbox/src/Entry.vhd Line: 12
    Warning (13410): Pin "out_leds[0]" is stuck at VCC File: /home/qik/vhdl/Sandbox/src/Entry.vhd Line: 13
    Warning (13410): Pin "out_leds[1]" is stuck at VCC File: /home/qik/vhdl/Sandbox/src/Entry.vhd Line: 13
    Warning (13410): Pin "out_leds[2]" is stuck at VCC File: /home/qik/vhdl/Sandbox/src/Entry.vhd Line: 13
    Warning (13410): Pin "out_leds[3]" is stuck at VCC File: /home/qik/vhdl/Sandbox/src/Entry.vhd Line: 13
Info (286030): Timing-Driven Synthesis is running
Info (17049): 9 registers lost all their fanouts during netlist optimizations.
Info (16010): Generating hard_block partition "hard_block:auto_generated_inst"
    Info (16011): Adding 0 node(s), including 0 DDIO, 0 PLL, 0 transceiver and 0 LCELL
Info (21057): Implemented 285 device resources after synthesis - the final resource count might be different
    Info (21058): Implemented 5 input pins
    Info (21059): Implemented 17 output pins
    Info (21061): Implemented 263 logic cells
Info: Quartus Prime Analysis & Synthesis was successful. 0 errors, 10 warnings
    Info: Peak virtual memory: 513 megabytes
    Info: Processing ended: Thu Dec 22 21:09:26 2022
    Info: Elapsed time: 00:00:05
    Info: Total CPU time (on all processors): 00:00:15


